ailed with exit code 1
Exception in thread background thread for pid 250492:
Traceback (most recent call last):
  File "/usr/lib/python3.12/threading.py", line 1075, in _bootstrap_inner
    self.run()
  File "/usr/lib/python3.12/threading.py", line 1012, in run
    self._target(*self._args, **self._kwargs)
  File "/root/.local/lib/python3.12/site-packages/sh.py", line 1641, in wrap
    fn(*rgs, **kwargs)
  File "/root/.local/lib/python3.12/site-packages/sh.py", line 2569, in background_thread
    handle_exit_code(exit_code)
  File "/root/.local/lib/python3.12/site-packages/sh.py", line 2269, in fn
    return self.command.handle_command_exit_code(exit_code)
           ^^^^^^^^^^^^^^^^^^^^^^^^^^^^^^^^^^^^^^^^^^^^^^^^
  File "/root/.local/lib/python3.12/site-packages/sh.py", line 869, in handle_command_exit_code
    raise exc
sh.ErrorReturnCode_1: 

  RAN: /content/pictrue_read2/.buildozer/android/platform/build-arm64-v8a/build/other_builds/hostpython3/desktop/hostpython3/native-build/python3 setup.py build_ext -v

  STDOUT:
warning: [options] bootstrap class path not set in conjunction with -source 8
1 warning
running build_ext
building 'jnius' extension
creating build
creating build/temp.linux-x86_64-3.11
creating build/temp.linux-x86_64-3.11/jnius
/usr/bin/ccache /root/.buildozer/android/platform/android-ndk-r25b/toolchains/llvm/prebuilt/linux-x86_64/bin/clang -target aarch64-linux-android21 -fomit-frame-pointer -march=armv8-a -fPIC -Wsign-compare -DNDEBUG -g -fwrapv -O3 -Wall -target aarch64-linux-android21 -fomit-frame-pointer -march=armv8-a -fPIC -I/content/pictrue_read2/.buildozer/android/platform/build-arm64-v8a/build/other_builds/python3/arm64-v8a__ndk_target_21/python3/Include -DANDROID -I/root/.buildozer/android/platform/android-ndk-r25b/toolchains/llvm/prebuilt/linux-x86_64/sysroot/usr/include -I/content/pictrue_read2/.buildozer/android/platform/build-arm64-v8a/build/python-installs/test_app/arm64-v8a/include/python3.1 -fPIC -I/content/pictrue_read2/.buildozer/android/platform/build-arm64-v8a/build/other_builds/hostpython3/desktop/hostpython3/Include -I/content/pictrue_read2/.buildozer/android/platform/build-arm64-v8a/build/other_builds/hostpython3/desktop/hostpython3/native-build -c jnius/jnius.c -o build/temp.linux-x86_64-3.11/jnius/jnius.o
clang-14: error: no such file or directory: 'jnius/jnius.c'
clang-14: error: no input files
error: command '/usr/bin/ccache' failed with exit code 1


  STDERR:

[INFO]:    pyjnius first build failed (as expected)
[INFO]:    Running cython where appropriate
[INFO]:    Cythonize jnius/jnius.pyx
[DEBUG]:   -> running python3 -cimport sys; from Cython.Compiler.Main import setuptools_main; sys.exit(setuptools_main()); ./jnius/jnius.pyx
[DEBUG]:   	warning: jnius/jnius.pyx:102:0: The 'IF' statement is deprecated and will be removed in a future Cython version. Consider using runtime conditions or C macros instead. See https://github.com/cython/cython/issues/4310
[DEBUG]:   	
[DEBUG]:   	Error compiling Cython file:
[DEBUG]:   	------------------------------------------------------------
[DEBUG]:   	...
[DEBUG]:   	            score += 10
[DEBUG]:   	            continue
[DEBUG]:   	
[DEBUG]:   	        if r == 'S' or r == 'I':
[DEBUG]:   	            if isinstance(arg, int) or (
[DEBUG]:   	                    (isinstance(arg, long) and arg < 2147483648)):
[DEBUG]:   	                                     ^
[DEBUG]:   	------------------------------------------------------------
[DEBUG]:   	jnius/jnius_utils.pxi:323:37: undeclared name not builtin: long
Exception in thread background thread for pid 250524:
Traceback (most recent call last):
  File "/usr/lib/python3.12/threading.py", line 1075, in _bootstrap_inner
    self.run()
  File "/usr/lib/python3.12/threading.py", line 1012, in run
    self._target(*self._args, **self._kwargs)
  File "/root/.local/lib/python3.12/site-packages/sh.py", line 1641, in wrap
    fn(*rgs, **kwargs)
  File "/root/.local/lib/python3.12/site-packages/sh.py", line 2569, in background_thread
    handle_exit_code(exit_code)
  File "/root/.local/lib/python3.12/site-packages/sh.py", line 2269, in fn
    return self.command.handle_command_exit_code(exit_code)
           ^^^^^^^^^^^^^^^^^^^^^^^^^^^^^^^^^^^^^^^^^^^^^^^^
  File "/root/.local/lib/python3.12/site-packages/sh.py", line 869, in handle_command_exit_code
    raise exc
sh.ErrorReturnCode_1: 

  RAN: /usr/bin/python3 '-cimport sys; from Cython.Compiler.Main import setuptools_main; sys.exit(setuptools_main());' ./jnius/jnius.pyx

  STDOUT:
warning: jnius/jnius.pyx:102:0: The 'IF' statement is deprecated and will be removed in a future Cython version. Consider using runtime conditions or C macros instead. See https://github.com/cython/cython/issues/4310

Error compiling Cython file:
------------------------------------------------------------
...
            score += 10
            continue

        if r == 'S' or r == 'I':
            if isinstance(arg, int) or (
                    (isinstance(arg, long) and arg < 2147483648)):
                                     ^
------------------------------------------------------------
jnius/jnius_utils.pxi:323:37: undeclared name not builtin: long


  STDERR:

Traceback (most recent call last):
  File "<frozen runpy>", line 198, in _run_module_as_main
  File "<frozen runpy>", line 88, in _run_code
  File "/content/pictrue_read2/.buildozer/android/platform/python-for-android/pythonforandroid/toolchain.py", line 1256, in <module>
    main()
  File "/content/pictrue_read2/.buildozer/android/platform/python-for-android/pythonforandroid/entrypoints.py", line 18, in main
    ToolchainCL()
  File "/content/pictrue_read2/.buildozer/android/platform/python-for-android/pythonforandroid/toolchain.py", line 685, in __init__
    getattr(self, command)(args)
  File "/content/pictrue_read2/.buildozer/android/platform/python-for-android/pythonforandroid/toolchain.py", line 104, in wrapper_func
    build_dist_from_args(ctx, dist, args)
  File "/content/pictrue_read2/.buildozer/android/platform/python-for-android/pythonforandroid/toolchain.py", line 163, in build_dist_from_args
    build_recipes(build_order, python_modules, ctx,
  File "/content/pictrue_read2/.buildozer/android/platform/python-for-android/pythonforandroid/build.py", line 504, in build_recipes
    recipe.build_arch(arch)
  File "/content/pictrue_read2/.buildozer/android/platform/python-for-android/pythonforandroid/recipe.py", line 1031, in build_arch
    self.build_cython_components(arch)
  File "/content/pictrue_read2/.buildozer/android/platform/python-for-android/pythonforandroid/recipe.py", line 1056, in build_cython_components
    self.cythonize_build(env=env)
  File "/content/pictrue_read2/.buildozer/android/platform/python-for-android/pythonforandroid/recipe.py", line 1104, in cythonize_build
    self.cythonize_file(env, build_dir, join(root, filename))
  File "/content/pictrue_read2/.buildozer/android/platform/python-for-android/pythonforandroid/recipe.py", line 1093, in cythonize_file
    shprint(python_command, "-c"
  File "/content/pictrue_read2/.buildozer/android/platform/python-for-android/pythonforandroid/logger.py", line 167, in shprint
    for line in output:
                ^^^^^^
  File "/root/.local/lib/python3.12/site-packages/sh.py", line 915, in next
    self.wait()
  File "/root/.local/lib/python3.12/site-packages/sh.py", line 845, in wait
    self.handle_command_exit_code(exit_code)
  File "/root/.local/lib/python3.12/site-packages/sh.py", line 869, in handle_command_exit_code
    raise exc
sh.ErrorReturnCode_1: 

  RAN: /usr/bin/python3 '-cimport sys; from Cython.Compiler.Main import setuptools_main; sys.exit(setuptools_main());' ./jnius/jnius.pyx

  STDOUT:
warning: jnius/jnius.pyx:102:0: The 'IF' statement is deprecated and will be removed in a future Cython version. Consider using runtime conditions or C macros instead. See https://github.com/cython/cython/issues/4310

Error compiling Cython file:
------------------------------------------------------------
...
            score += 10
            continue

        if r == 'S' or r == 'I':
            if isinstance(arg, int) or (
                    (isinstance(arg, long) and arg < 2147483648)):
                                     ^
------------------------------------------------------------
jnius/jnius_utils.pxi:323:37: undeclared name not builtin: long


  STDERR:


# Command failed: ['/usr/bin/python3', '-m', 'pythonforandroid.toolchain', 'create', '--dist_name=test_app', '--bootstrap=sdl2', '--requirements=python3,kivy==2.2.1', '--arch=arm64-v8a', '--copy-libs', '--color=always', '--storage-dir=/content/pictrue_read2/.buildozer/android/platform/build-arm64-v8a', '--ndk-api=21', '--ignore-setup-py', '--debug']
# ENVIRONMENT:
#     SHELL = '/bin/bash'
#     COLAB_JUPYTER_TRANSPORT = 'ipc'
#     CGROUP_MEMORY_EVENTS = '/sys/fs/cgroup/memory.events /var/colab/cgroup/jupyter-children/memory.events'
#     VM_GCE_METADATA_HOST = '169.254.169.253'
#     HOSTNAME = '75a2092f0942'
#     MODEL_PROXY_HOST = 'https://mp.kaggle.net'
#     LANGUAGE = 'en_US'
#     TBE_RUNTIME_ADDR = '172.28.0.1:8011'
#     GCE_METADATA_TIMEOUT = '3'
#     COLAB_JUPYTER_IP = '172.28.0.12'
#     COLAB_LANGUAGE_SERVER_PROXY_ROOT_URL = 'http://172.28.0.1:8013/'
#     KMP_LISTEN_PORT = '6000'
#     TF_FORCE_GPU_ALLOW_GROWTH = 'true'
#     ENV = '/root/.bashrc'
#     PWD = '/content/pictrue_read2'
#     COLAB_LANGUAGE_SERVER_PROXY_REQUEST_TIMEOUT = '30s'
#     TBE_EPHEM_CREDS_ADDR = '172.28.0.1:8009'
#     TBE_CREDS_ADDR = '172.28.0.1:8008'
#     JPY_SESSION_NAME = '16xwzCQXYyOaoRZTyUaZdVNXFOpE77PcS'
#     COLAB_JUPYTER_TOKEN = ''
#     LAST_FORCED_REBUILD = '20250623'
#     TCLLIBPATH = '/usr/share/tcltk/tcllib1.20'
#     COLAB_KERNEL_MANAGER_PROXY_HOST = '172.28.0.12'
#     UV_BUILD_CONSTRAINT = ''
#     USE_AUTH_EPHEM = '1'
#     COLAB_WARMUP_DEFAULTS = '1'
#     HOME = '/root'
#     LANG = 'en_US.UTF-8'
#     CLOUDSDK_CONFIG = '/content/.config'
#     UV_SYSTEM_PYTHON = 'true'
#     COLAB_RELEASE_TAG = 'release-colab-external-images_20260407-060051_RC00'
#     PYDEVD_USE_FRAME_EVAL = 'NO'
#     KMP_TARGET_PORT = '9000'
#     CLICOLOR = '1'
#     KMP_EXTRA_ARGS = ('--logtostderr --listen_host=172.28.0.12 --target_host=172.28.0.12 '
 '--tunnel_background_save_url=https://colab.research.google.com/tun/m/cc48301118ce562b961b3c22d803539adc1e0c19/m-s-kkb-usc1c2-131ha5gxwgmg '
 '--tunnel_background_save_delay=10s '
 '--tunnel_periodic_background_save_frequency=30m0s '
 '--enable_output_coalescing=true --output_coalescing_required=true ')
#     UV_INSTALL_DIR = '/usr/local/bin'
#     COLAB_LANGUAGE_SERVER_PROXY_LSP_DIRS = '/datalab/web/pyright/typeshed-fallback/stdlib,/usr/local/lib/python3.10/dist-packages'
#     COLAB_KERNEL_MANAGER_PROXY_PORT = '6000'
#     CLOUDSDK_PYTHON = 'python3'
#     ENABLE_DIRECTORYPREFETCHER = '1'
#     NO_GCE_CHECK = 'False'
#     JPY_PARENT_PID = '86'
#     COLAB_NOTEBOOK_ID = '16xwzCQXYyOaoRZTyUaZdVNXFOpE77PcS'
#     PYTHONPATH = '/env/python'
#     TERM = 'xterm-color'
#     GIT_PAGER = 'cat'
#     SHLVL = '0'
#     PAGER = 'cat'
#     COLAB_LANGUAGE_SERVER_PROXY = '/usr/colab/bin/language_service'
#     UV_CONSTRAINT = ''
#     PYTHONUTF8 = '1'
#     MPLBACKEND = 'module://matplotlib_inline.backend_inline'
#     COLAB_GPU = ''
#     GCS_READ_CACHE_BLOCK_SIZE_MB = '16'
#     LC_ALL = 'en_US.UTF-8'
#     _PYVIZ_COMMS_INSTALLED = '1'
#     COLAB_FILE_HANDLER_ADDR = 'localhost:3453'
#     PATH = '/root/.buildozer/android/platform/apache-ant-1.9.4/bin:/opt/bin:/usr/local/sbin:/usr/local/bin:/usr/sbin:/usr/bin:/sbin:/bin:/tools/node/bin:/tools/google-cloud-sdk/bin'
#     COLAB_IMAGE_TYPE = 'cpu'
#     COLAB_DEBUG_ADAPTER_MUX_PATH = '/usr/local/bin/dap_multiplexer'
#     PYTHONWARNINGS = 'ignore:::pip._internal.cli.base_command'
#     DEBIAN_FRONTEND = 'noninteractive'
#     COLAB_BACKEND_VERSION = 'next'
#     OLDPWD = '/'
#     _ = '/usr/local/bin/buildozer'
#     PACKAGES_PATH = '/root/.buildozer/android/packages'
#     ANDROIDSDK = '/root/.buildozer/android/platform/android-sdk'
#     ANDROIDNDK = '/root/.buildozer/android/platform/android-ndk-r25b'
#     ANDROIDAPI = '33'
#     ANDROIDMINAPI = '21'
# 
# Buildozer failed to execute the last command
# The error might be hidden in the log above this error
# Please read the full log, and search for it before
# raising an issue with buildozer itself.
# In case of a bug report, please add a full log with log_level = 2